<?xml version="1.0" encoding="UTF-8"?>
<testsuite name="com.restfulbooker.cucumber.RegressionCucumberRunner" time="4.256" tests="11" errors="0" skipped="0" failures="0">
  <properties>
[...]
</properties>
  <testcase name="When Admin creates a new post request by entering username &quot;admin&quot; and password &quot;password123&quot; as payload" classname="Scenario: Admin should be able to generate a new auth token successfully by entering the" time="0.003"/>
  <testcase name="Then Admin should see an auth token generated to use for future requests" classname="Scenario: Admin should be able to generate a new auth token successfully by entering the" time="0.001"/>
  <testcase name="Scenario: Admin should be able to generate a new auth token successfully by entering the" classname="Scenario: Admin should be able to generate a new auth token successfully by entering the" time="3.813"/>
  <testcase name="Given User extracts a list of existing ID&apos;s before creating a new record" classname="| Smith | 500 | true | Vegetarian Food |" time="0"/>
  <testcase name="When User creates a new booking using the correct details &quot;Smith&quot; &quot;500&quot;&quot;true&quot; &quot;Vegetarian Food&quot;" classname="| Smith | 500 | true | Vegetarian Food |" time="0"/>
  <testcase name="And User verifies the new booking has been created successfully" classname="| Smith | 500 | true | Vegetarian Food |" time="0"/>
  <testcase name="And User updates the created record by updating the firstname &quot;Smith&quot; &quot;500&quot;&quot;true&quot; &quot;Vegetarian Food&quot;" classname="| Smith | 500 | true | Vegetarian Food |" time="0"/>
  <testcase name="And User verifies that the record has been updated successfully" classname="| Smith | 500 | true | Vegetarian Food |" time="0"/>
  <testcase name="And User deletes the newly created record by providing the booking id" classname="| Smith | 500 | true | Vegetarian Food |" time="0"/>
  <testcase name="Then User verifies that the record has been deleted successfully" classname="| Smith | 500 | true | Vegetarian Food |" time="0"/>
  <testcase name="| Smith | 500 | true | Vegetarian Food |" classname="| Smith | 500 | true | Vegetarian Food |" time="0.439"/>
</testsuite>